<?xml version="1.0" encoding="UTF-8"?>
<!-- Generated by org.testng.reporters.JUnitXMLReporter -->
<testsuite ignored="0" hostname="LAPTOP-PQ7IP8FG" failures="0" tests="3" name="ErrorValidations" time="18.8" errors="0" timestamp="2025-04-12T15:39:08 IST">
  <testcase classname="saloni.projectfarmework.ErrorValidations" name="errorlogin" time="0.445"/>
  <testcase classname="saloni.projectfarmework.ErrorValidations" name="errorproduct" time="7.161">
    <skipped/>
  </testcase> <!-- errorproduct -->
  <testcase classname="saloni.projectfarmework.ErrorValidations" name="errorproduct" time="2.321"/>
</testsuite> <!-- ErrorValidations -->
