<?xml version="1.0" encoding="UTF-8"?>
<!-- Generated by org.testng.reporters.JUnitXMLReporter -->
<testsuite ignored="0" hostname="LAPTOP-PQ7IP8FG" failures="0" tests="4" name="submit order Test" time="19.345" errors="0" timestamp="2025-04-12T15:39:08 IST">
  <testcase classname="saloni.projectfarmework.submitordertest" name="submitOrder" time="3.461"/>
  <testcase classname="saloni.projectfarmework.submitordertest" name="submitOrder" time="3.034"/>
  <testcase classname="saloni.projectfarmework.submitordertest" name="orderhistorytest" time="0.676"/>
  <testcase classname="saloni.projectfarmework.submitordertest" name="orderhistorytest" time="0.833"/>
</testsuite> <!-- submit order Test -->
